<?xml version="1.0" encoding="UTF-8"?>
<testng-results skipped="0" failed="0" ignored="0" total="1" passed="1">
  <reporter-output>
  </reporter-output>
  <suite name="Functional Test" duration-ms="8835" started-at="2018-09-28T07:54:36Z" finished-at="2018-09-28T07:54:45Z">
    <groups>
    </groups>
    <test name="Test" duration-ms="8835" started-at="2018-09-28T07:54:36Z" finished-at="2018-09-28T07:54:45Z">
      <class name="testCases.LoginTest">
        <test-method status="PASS" signature="setUp()[pri:0, instance:testCases.LoginTest@1ed4004b]" name="setUp" is-config="true" duration-ms="10260" started-at="2018-09-28T07:54:26Z" finished-at="2018-09-28T07:54:36Z">
          <reporter-output>
          </reporter-output>
        </test-method> <!-- setUp -->
        <test-method status="PASS" signature="loginAsRegsiteredUser()[pri:0, instance:testCases.LoginTest@1ed4004b]" name="loginAsRegsiteredUser" duration-ms="8804" started-at="2018-09-28T07:54:36Z" finished-at="2018-09-28T07:54:45Z">
          <reporter-output>
          </reporter-output>
        </test-method> <!-- loginAsRegsiteredUser -->
        <test-method status="PASS" signature="tearDown()[pri:0, instance:testCases.LoginTest@1ed4004b]" name="tearDown" is-config="true" duration-ms="1349" started-at="2018-09-28T07:54:45Z" finished-at="2018-09-28T07:54:47Z">
          <reporter-output>
          </reporter-output>
        </test-method> <!-- tearDown -->
      </class> <!-- testCases.LoginTest -->
    </test> <!-- Test -->
  </suite> <!-- Functional Test -->
</testng-results>
